TN:
SF:src\services\chat.ts
FN:5,addNewChatService
FN:24,getAllChatService
FN:42,getChatService
FNF:3
FNH:3
FNDA:2,addNewChatService
FNDA:2,getAllChatService
FNDA:3,getChatService
DA:1,1
DA:2,1
DA:3,1
DA:4,1
DA:5,1
DA:6,2
DA:7,2
DA:8,2
DA:9,2
DA:10,2
DA:11,2
DA:12,2
DA:13,1
DA:14,1
DA:15,1
DA:16,1
DA:17,1
DA:18,1
DA:19,1
DA:20,1
DA:21,1
DA:22,2
DA:23,1
DA:24,1
DA:25,2
DA:26,2
DA:27,2
DA:28,2
DA:29,2
DA:30,2
DA:31,1
DA:32,1
DA:33,1
DA:34,1
DA:35,1
DA:36,1
DA:37,1
DA:38,1
DA:39,1
DA:40,2
DA:41,1
DA:42,1
DA:43,3
DA:44,3
DA:45,3
DA:46,3
DA:47,3
DA:48,3
DA:49,3
DA:50,3
DA:51,3
DA:52,2
DA:53,2
DA:54,2
DA:55,2
DA:56,2
DA:57,3
DA:58,1
DA:59,1
DA:60,1
DA:61,3
LF:61
LH:61
BRDA:5,0,0,2
BRDA:13,1,0,1
BRDA:24,2,0,2
BRDA:31,3,0,1
BRDA:42,4,0,3
BRDA:52,5,0,2
BRDA:57,6,0,1
BRF:7
BRH:7
end_of_record
